  ArvoreMatrizEsparsa.cpp
c:\users\rafae\downloads\arvorematrizesparsa-master\arvorematrizesparsa\noarvoreesparsa.h(11): warning C4290: especificação de exceção de C++ ignorada exceto para indicar que a função não é __declspec(nothrow)
c:\users\rafae\downloads\arvorematrizesparsa-master\arvorematrizesparsa\noarvoreesparsa.h(13): warning C4290: especificação de exceção de C++ ignorada exceto para indicar que a função não é __declspec(nothrow)
c:\users\rafae\downloads\arvorematrizesparsa-master\arvorematrizesparsa\noarvoreesparsa.h(15): warning C4290: especificação de exceção de C++ ignorada exceto para indicar que a função não é __declspec(nothrow)
c:\users\rafae\downloads\arvorematrizesparsa-master\arvorematrizesparsa\noarvoreesparsa.h(16): warning C4290: especificação de exceção de C++ ignorada exceto para indicar que a função não é __declspec(nothrow)
c:\users\rafae\downloads\arvorematrizesparsa-master\arvorematrizesparsa\noarvoreesparsa.h(35): warning C4290: especificação de exceção de C++ ignorada exceto para indicar que a função não é __declspec(nothrow)
c:\users\rafae\downloads\arvorematrizesparsa-master\arvorematrizesparsa\noarvoreesparsa.h(38): warning C4290: especificação de exceção de C++ ignorada exceto para indicar que a função não é __declspec(nothrow)
c:\users\rafae\downloads\arvorematrizesparsa-master\arvorematrizesparsa\noarvoreesparsa.h(39): warning C4290: especificação de exceção de C++ ignorada exceto para indicar que a função não é __declspec(nothrow)
c:\users\rafae\downloads\arvorematrizesparsa-master\arvorematrizesparsa\arvoreesparsa.h(17): warning C4290: especificação de exceção de C++ ignorada exceto para indicar que a função não é __declspec(nothrow)
c:\users\rafae\downloads\arvorematrizesparsa-master\arvorematrizesparsa\matrizesparsa.h(14): warning C4290: especificação de exceção de C++ ignorada exceto para indicar que a função não é __declspec(nothrow)
c:\users\rafae\downloads\arvorematrizesparsa-master\arvorematrizesparsa\arvorematrizesparsa.cpp(9): warning C4101: 'x': variável local não referenciada
  MatrizEsparsa.cpp
c:\users\rafae\downloads\arvorematrizesparsa-master\arvorematrizesparsa\noarvoreesparsa.h(11): warning C4290: especificação de exceção de C++ ignorada exceto para indicar que a função não é __declspec(nothrow)
c:\users\rafae\downloads\arvorematrizesparsa-master\arvorematrizesparsa\noarvoreesparsa.h(13): warning C4290: especificação de exceção de C++ ignorada exceto para indicar que a função não é __declspec(nothrow)
c:\users\rafae\downloads\arvorematrizesparsa-master\arvorematrizesparsa\noarvoreesparsa.h(15): warning C4290: especificação de exceção de C++ ignorada exceto para indicar que a função não é __declspec(nothrow)
c:\users\rafae\downloads\arvorematrizesparsa-master\arvorematrizesparsa\noarvoreesparsa.h(16): warning C4290: especificação de exceção de C++ ignorada exceto para indicar que a função não é __declspec(nothrow)
c:\users\rafae\downloads\arvorematrizesparsa-master\arvorematrizesparsa\noarvoreesparsa.h(35): warning C4290: especificação de exceção de C++ ignorada exceto para indicar que a função não é __declspec(nothrow)
c:\users\rafae\downloads\arvorematrizesparsa-master\arvorematrizesparsa\noarvoreesparsa.h(38): warning C4290: especificação de exceção de C++ ignorada exceto para indicar que a função não é __declspec(nothrow)
c:\users\rafae\downloads\arvorematrizesparsa-master\arvorematrizesparsa\noarvoreesparsa.h(39): warning C4290: especificação de exceção de C++ ignorada exceto para indicar que a função não é __declspec(nothrow)
c:\users\rafae\downloads\arvorematrizesparsa-master\arvorematrizesparsa\arvoreesparsa.h(17): warning C4290: especificação de exceção de C++ ignorada exceto para indicar que a função não é __declspec(nothrow)
c:\users\rafae\downloads\arvorematrizesparsa-master\arvorematrizesparsa\matrizesparsa.h(14): warning C4290: especificação de exceção de C++ ignorada exceto para indicar que a função não é __declspec(nothrow)
c:\users\rafae\downloads\arvorematrizesparsa-master\arvorematrizesparsa\matrizesparsa.cpp(41): warning C4290: especificação de exceção de C++ ignorada exceto para indicar que a função não é __declspec(nothrow)
  Gerando Código...
  ArvoreMatrizEsparsa.vcxproj -> C:\Users\rafae\Downloads\ArvoreMatrizEsparsa-master\x64\Debug\ArvoreMatrizEsparsa.exe
